<?xml version="1.0" encoding="UTF-8"?>
<!-- Generated by org.testng.reporters.JUnitReportReporter -->
<testsuite skipped="0" hostname="LAPTOP-NDKUD6FS" name="com.test.TestNGBasics" tests="3" failures="0" timestamp="2020-05-14T15:46:55 EDT" time="0.000" errors="0">
  <testcase name="searchTest" time="0.000" classname="com.test.TestNGBasics"/>
  <testcase name="googleLogoTest" time="0.000" classname="com.test.TestNGBasics"/>
  <testcase name="googleTitleTest" time="0.000" classname="com.test.TestNGBasics"/>
</testsuite> <!-- com.test.TestNGBasics -->
