<?xml version="1.0" encoding="UTF-8"?>
<!-- Generated by org.testng.reporters.JUnitReportReporter -->
<testsuite skipped="0" hostname="LAPTOP-NDKUD6FS" name="com.test.GoogleTest" tests="3" failures="0" timestamp="2020-05-14T16:07:57 EDT" time="22.873" errors="0">
  <testcase name="googleTitleTest" time="7.107" classname="com.test.GoogleTest"/>
  <testcase name="googleLogoTest" time="7.519" classname="com.test.GoogleTest"/>
  <testcase name="gMailLinkTest" time="8.247" classname="com.test.GoogleTest"/>
</testsuite> <!-- com.test.GoogleTest -->
